Performing C SOURCE FILE Test CMAKE_HAVE_LIBC_PTHREAD failed with the following output:
Change Dir: /mnt/c/vika/leetcode/strings/string_compression/__build_clang/CMakeFiles/CMakeTmp

Run Build Command(s):/usr/bin/gmake -f Makefile cmTC_d2e49/fast && /usr/bin/gmake  -f CMakeFiles/cmTC_d2e49.dir/build.make CMakeFiles/cmTC_d2e49.dir/build
gmake[1]: Entering directory '/mnt/c/vika/leetcode/strings/string_compression/__build_clang/CMakeFiles/CMakeTmp'
Building C object CMakeFiles/cmTC_d2e49.dir/src.c.o
/usr/bin/cc -DCMAKE_HAVE_LIBC_PTHREAD   -o CMakeFiles/cmTC_d2e49.dir/src.c.o -c /mnt/c/vika/leetcode/strings/string_compression/__build_clang/CMakeFiles/CMakeTmp/src.c
Linking C executable cmTC_d2e49
/usr/bin/cmake -E cmake_link_script CMakeFiles/cmTC_d2e49.dir/link.txt --verbose=1
/usr/bin/cc CMakeFiles/cmTC_d2e49.dir/src.c.o -o cmTC_d2e49 
/usr/bin/ld: CMakeFiles/cmTC_d2e49.dir/src.c.o: in function `main':
src.c:(.text+0x2f): undefined reference to `pthread_create'
/usr/bin/ld: src.c:(.text+0x3b): undefined reference to `pthread_detach'
/usr/bin/ld: src.c:(.text+0x47): undefined reference to `pthread_cancel'
/usr/bin/ld: src.c:(.text+0x58): undefined reference to `pthread_join'
collect2: error: ld returned 1 exit status
gmake[1]: *** [CMakeFiles/cmTC_d2e49.dir/build.make:99: cmTC_d2e49] Error 1
gmake[1]: Leaving directory '/mnt/c/vika/leetcode/strings/string_compression/__build_clang/CMakeFiles/CMakeTmp'
gmake: *** [Makefile:127: cmTC_d2e49/fast] Error 2


Source file was:
#include <pthread.h>

static void* test_func(void* data)
{
  return data;
}

int main(void)
{
  pthread_t thread;
  pthread_create(&thread, NULL, test_func, NULL);
  pthread_detach(thread);
  pthread_cancel(thread);
  pthread_join(thread, NULL);
  pthread_atfork(NULL, NULL, NULL);
  pthread_exit(NULL);

  return 0;
}

Determining if the function pthread_create exists in the pthreads failed with the following output:
Change Dir: /mnt/c/vika/leetcode/strings/string_compression/__build_clang/CMakeFiles/CMakeTmp

Run Build Command(s):/usr/bin/gmake -f Makefile cmTC_f6ba6/fast && /usr/bin/gmake  -f CMakeFiles/cmTC_f6ba6.dir/build.make CMakeFiles/cmTC_f6ba6.dir/build
gmake[1]: Entering directory '/mnt/c/vika/leetcode/strings/string_compression/__build_clang/CMakeFiles/CMakeTmp'
Building C object CMakeFiles/cmTC_f6ba6.dir/CheckFunctionExists.c.o
/usr/bin/cc   -DCHECK_FUNCTION_EXISTS=pthread_create -o CMakeFiles/cmTC_f6ba6.dir/CheckFunctionExists.c.o -c /usr/share/cmake-3.22/Modules/CheckFunctionExists.c
Linking C executable cmTC_f6ba6
/usr/bin/cmake -E cmake_link_script CMakeFiles/cmTC_f6ba6.dir/link.txt --verbose=1
/usr/bin/cc  -DCHECK_FUNCTION_EXISTS=pthread_create CMakeFiles/cmTC_f6ba6.dir/CheckFunctionExists.c.o -o cmTC_f6ba6  -lpthreads 
/usr/bin/ld: cannot find -lpthreads
collect2: error: ld returned 1 exit status
gmake[1]: *** [CMakeFiles/cmTC_f6ba6.dir/build.make:99: cmTC_f6ba6] Error 1
gmake[1]: Leaving directory '/mnt/c/vika/leetcode/strings/string_compression/__build_clang/CMakeFiles/CMakeTmp'
gmake: *** [Makefile:127: cmTC_f6ba6/fast] Error 2



